TN:verilator_coverage
SF:/home/kurumi/env-xs-ov-00-bpu/./rtl/common/DelayN_2.sv
DA:59,20002
DA:60,41
DA:61,123
DA:64,58
DA:65,68
DA:66,90
DA:67,106
DA:68,123
DA:69,20002
DA:70,10001
DA:71,10001
DA:72,10001
DA:73,10001
DA:74,10001
DA:81,2
end_of_record
SF:/home/kurumi/env-xs-ov-00-bpu/./rtl/uFTB/FauFTBWay.sv
DA:59,20002
DA:60,3
DA:61,36089
DA:62,5084
DA:63,13824
DA:64,57
DA:65,1000
DA:66,1907
DA:67,6054
DA:68,61
DA:69,607
DA:70,786
DA:71,5305
DA:72,1005
DA:73,1053
DA:74,316
DA:75,13882
DA:76,36052
DA:77,19730
DA:78,614
DA:79,16368
DA:80,47159
DA:81,1
DA:82,3687
DA:83,5735
DA:84,21222
DA:85,3
DA:86,1725
DA:87,2415
DA:88,15012
DA:89,4290
DA:90,2518
DA:91,608
DA:92,36053
DA:95,5084
DA:96,13824
DA:97,57
DA:98,1000
DA:99,1907
DA:100,6054
DA:101,61
DA:102,607
DA:103,786
DA:104,5305
DA:105,1005
DA:106,1053
DA:107,316
DA:108,14090
DA:109,60
DA:110,640064
DA:111,19956
DA:112,9978
DA:113,9978
DA:114,9978
DA:115,9978
DA:116,9978
DA:117,9978
DA:118,9978
DA:119,9978
DA:120,9978
DA:121,9978
DA:122,9978
DA:123,9978
DA:124,9978
DA:125,9978
DA:128,640128
DA:129,704
DA:130,352
DA:132,319712
DA:139,64
DA:163,0
DA:164,0
end_of_record
SF:/home/kurumi/env-xs-ov-00-bpu/out/picker_out_uFTB/FauFTB.v
DA:59,20002
DA:60,3
DA:61,41
DA:62,36070
DA:63,36066
DA:64,36074
DA:65,36071
DA:66,36173
DA:67,36159
DA:68,36086
DA:69,36167
DA:70,2428
DA:71,1884
DA:72,3662
DA:73,2014
DA:74,36668
DA:75,18387
DA:76,11887
DA:77,4455
DA:78,33780
DA:79,1385
DA:80,1562
DA:81,2429
DA:82,1885
DA:83,3662
DA:84,2015
DA:85,36667
DA:86,18378
DA:87,11888
DA:88,4454
DA:89,33782
DA:90,1384
DA:91,1561
DA:92,2428
DA:93,1885
DA:94,3661
DA:95,2015
DA:96,36671
DA:97,18378
DA:98,11889
DA:99,4457
DA:100,33784
DA:101,1384
DA:102,1562
DA:103,2428
DA:104,1884
DA:105,3662
DA:106,2014
DA:107,36665
DA:108,18382
DA:109,11887
DA:110,4455
DA:111,33789
DA:112,92
DA:113,1385
DA:114,1562
DA:115,23555
DA:116,1
DA:117,3
DA:118,3
DA:119,1
DA:120,2
DA:121,1
DA:122,1
DA:123,3
DA:124,36081
DA:125,16367
DA:126,47155
DA:127,1
DA:128,3687
DA:129,5734
DA:130,21228
DA:131,4
DA:132,1724
DA:133,2417
DA:134,15014
DA:135,4290
DA:136,2518
DA:137,607
DA:138,3557
DA:139,701
DA:142,21889
DA:143,1562
DA:625,36170
DA:626,36157
DA:627,36090
DA:628,36169
DA:629,3
DA:630,4
DA:631,81
DA:632,55
DA:633,46
DA:634,9
DA:635,31
DA:636,9
DA:637,52
DA:638,8
DA:639,189
DA:640,15
DA:641,36
DA:642,9
DA:643,99
DA:644,30
DA:645,75
DA:646,7
DA:647,56
DA:648,4
DA:649,65
DA:650,9
DA:651,46
DA:652,16
DA:653,60
DA:654,6
DA:655,57
DA:656,9
DA:657,30
DA:658,4
DA:659,16
DA:660,15
DA:661,46
DA:662,15
DA:663,58
DA:664,23
DA:665,78
DA:666,13
DA:667,55
DA:668,14
DA:669,61
DA:670,12
DA:671,42
DA:672,18
DA:673,60
DA:674,7
DA:675,79
DA:676,26
DA:677,55
DA:678,16
DA:679,57
DA:680,24
DA:681,74
DA:682,13
DA:683,59
DA:684,4
DA:685,62
DA:686,18
DA:687,79
DA:688,15
DA:689,25
DA:690,10
DA:691,38
DA:692,11
DA:693,74
DA:694,19
DA:695,33617
DA:696,13878
DA:732,227
DA:738,569
DA:743,468
DA:748,817
DA:753,649
DA:758,937
DA:763,528
DA:768,793
DA:773,952
DA:778,661
DA:783,586
DA:788,727
DA:793,1057
DA:798,700
DA:803,1112
DA:808,557
DA:813,624
DA:818,929
DA:823,1072
DA:828,566
DA:833,510
DA:838,195
DA:843,785
DA:848,203
DA:853,938
DA:858,868
DA:863,1128
DA:868,390
DA:873,519
DA:878,795
DA:883,413
DA:888,258
DA:2166,1
DA:2168,1561
DA:2169,21890
DA:2170,1561
DA:2171,19944
DA:2172,4
DA:2173,36053
DA:2174,13920
DA:2175,1500
DA:2176,19730
DA:2203,16368
DA:2204,47159
DA:2205,1
DA:2206,3687
DA:2207,5735
DA:2208,21222
DA:2209,3
DA:2210,1725
DA:2211,2415
DA:2212,15012
DA:2213,4290
DA:2214,2518
DA:2215,608
DA:2216,661
DA:2217,444
DA:2218,427
DA:2219,686
DA:2220,1381
DA:2221,454
DA:2222,578
DA:2223,597
DA:2224,517
DA:2225,488
DA:2226,898
DA:2227,628
DA:2228,435
DA:2229,517
DA:2230,447
DA:2231,571
DA:2232,774
DA:2233,602
DA:2234,471
DA:2235,532
DA:2236,960
DA:2237,411
DA:2238,556
DA:2239,623
DA:2240,511
DA:2241,514
DA:2242,829
DA:2243,786
DA:2244,700
DA:2245,706
DA:2246,409
DA:2247,614
DA:2248,4466
DA:2249,1196
DA:2250,3558
DA:2251,700
DA:2253,19733
DA:2319,21888
DA:2340,20002
DA:2341,4
DA:2342,2
DA:2343,2
DA:2344,2
DA:2345,2
DA:2347,9999
DA:2348,1
DA:2349,9998
DA:2350,1
DA:2351,9998
DA:2352,19
DA:2353,9980
DA:2354,1
DA:2355,9998
DA:2357,10001
DA:2358,10001
DA:2359,10001
DA:2360,0
DA:2361,10001
DA:2362,10001
DA:2364,0
DA:2365,10001
DA:2366,10001
DA:2368,10001
DA:2369,2999
DA:2370,7002
DA:2371,10001
DA:2372,22
DA:2373,9979
DA:2374,9979
DA:2375,9979
DA:2376,9979
DA:2377,9979
DA:2378,9979
DA:2379,9979
DA:2380,9979
DA:2381,9979
DA:2382,9979
DA:2383,9979
DA:2384,9979
DA:2385,9979
DA:2386,9979
DA:2387,9979
DA:2388,9979
DA:2389,9979
DA:2390,9979
DA:2391,9979
DA:2392,9979
DA:2393,9979
DA:2394,9979
DA:2395,9979
DA:2396,9979
DA:2397,9979
DA:2504,20004
DA:2505,22
DA:2506,11
DA:2507,11
DA:2508,11
DA:2509,11
DA:2510,11
DA:2511,11
DA:2512,11
DA:2513,11
DA:2514,11
DA:2515,11
DA:2516,11
DA:2517,11
DA:2518,11
DA:2519,11
DA:2520,11
DA:2521,11
DA:2522,11
DA:2523,11
DA:2524,11
DA:2525,11
DA:2526,11
DA:2527,11
DA:2528,11
DA:2529,11
DA:2530,11
DA:2531,11
DA:2532,11
DA:2533,11
DA:2534,11
DA:2535,11
DA:2536,11
DA:2537,11
DA:2538,11
DA:2539,11
DA:2540,11
DA:2541,11
DA:2542,11
DA:2543,11
DA:2544,11
DA:2545,11
DA:2546,11
DA:2547,11
DA:2548,11
DA:2549,11
DA:2550,11
DA:2551,11
DA:2552,11
DA:2553,11
DA:2554,11
DA:2555,11
DA:2556,11
DA:2557,11
DA:2558,11
DA:2559,11
DA:2560,11
DA:2561,11
DA:2562,11
DA:2563,11
DA:2564,11
DA:2565,11
DA:2566,11
DA:2567,11
DA:2568,11
DA:2569,11
DA:2570,11
DA:2572,9991
DA:2573,388
DA:2574,6
DA:2575,3
DA:2576,254
DA:2577,127
DA:2578,33
DA:2579,31
DA:2581,33
DA:2583,104
DA:2584,0
DA:2585,0
DA:2586,22
DA:2587,11
DA:2588,21
DA:2589,20
DA:2591,21
DA:2593,308
DA:2594,0
DA:2595,0
DA:2596,236
DA:2597,118
DA:2598,19
DA:2599,17
DA:2601,19
DA:2603,40
DA:2604,0
DA:2605,0
DA:2606,28
DA:2607,14
DA:2608,4
DA:2609,2
DA:2611,4
DA:2613,336
DA:2614,0
DA:2615,0
DA:2616,286
DA:2617,143
DA:2618,13
DA:2619,12
DA:2621,13
DA:2623,16
DA:2624,0
DA:2625,0
DA:2626,4
DA:2627,2
DA:2628,4
DA:2629,2
DA:2631,4
DA:2633,342
DA:2634,58
DA:2635,29
DA:2636,204
DA:2637,102
DA:2638,21
DA:2639,19
DA:2641,21
DA:2643,26
DA:2644,0
DA:2645,0
DA:2646,14
DA:2647,7
DA:2648,4
DA:2649,2
DA:2651,4
DA:2653,856
DA:2654,264
DA:2655,132
DA:2656,284
DA:2657,142
DA:2658,78
DA:2659,76
DA:2661,78
DA:2663,74
DA:2664,0
DA:2665,0
DA:2666,46
DA:2667,23
DA:2668,8
DA:2669,6
DA:2671,8
DA:2673,266
DA:2674,0
DA:2675,0
DA:2676,210
DA:2677,105
DA:2678,15
DA:2679,13
DA:2681,15
DA:2683,26
DA:2684,0
DA:2685,0
DA:2686,14
DA:2687,7
DA:2688,4
DA:2689,2
DA:2691,4
DA:2693,428
DA:2694,2
DA:2695,1
DA:2696,270
DA:2697,135
DA:2698,40
DA:2699,38
DA:2701,40
DA:2703,66
DA:2704,0
DA:2705,0
DA:2706,22
DA:2707,11
DA:2708,12
DA:2709,10
DA:2711,12
DA:2713,508
DA:2714,32
DA:2715,16
DA:2716,364
DA:2717,182
DA:2718,29
DA:2719,27
DA:2721,29
DA:2723,30
DA:2724,0
DA:2725,0
DA:2726,22
DA:2727,11
DA:2728,2
DA:2729,1
DA:2731,3
DA:2733,336
DA:2734,34
DA:2735,17
DA:2736,220
DA:2737,110
DA:2738,20
DA:2739,21
DA:2741,20
DA:2743,16
DA:2744,0
DA:2745,0
DA:2746,12
DA:2747,6
DA:2748,0
DA:2749,0
DA:2751,2
DA:2753,326
DA:2754,2
DA:2755,1
DA:2756,220
DA:2757,110
DA:2758,27
DA:2759,25
DA:2761,27
DA:2763,26
DA:2764,0
DA:2765,0
DA:2766,14
DA:2767,7
DA:2768,4
DA:2769,2
DA:2771,4
DA:2773,370
DA:2774,4
DA:2775,2
DA:2776,294
DA:2777,147
DA:2778,19
DA:2779,17
DA:2781,19
DA:2783,48
DA:2784,10
DA:2785,5
DA:2786,14
DA:2787,7
DA:2788,7
DA:2789,5
DA:2791,7
DA:2793,358
DA:2794,46
DA:2795,23
DA:2796,220
DA:2797,110
DA:2798,24
DA:2799,22
DA:2801,24
DA:2803,14
DA:2804,0
DA:2805,0
DA:2806,10
DA:2807,5
DA:2808,0
DA:2809,0
DA:2811,2
DA:2813,316
DA:2814,16
DA:2815,8
DA:2816,212
DA:2817,106
DA:2818,23
DA:2819,21
DA:2821,23
DA:2823,28
DA:2824,4
DA:2825,2
DA:2826,12
DA:2827,6
DA:2828,4
DA:2829,2
DA:2831,4
DA:2833,336
DA:2834,0
DA:2835,0
DA:2836,284
DA:2837,142
DA:2838,14
DA:2839,12
DA:2841,14
DA:2843,8
DA:2844,0
DA:2845,0
DA:2846,4
DA:2847,2
DA:2848,0
DA:2849,0
DA:2851,2
DA:2853,238
DA:2854,0
DA:2855,0
DA:2856,218
DA:2857,109
DA:2858,6
DA:2859,4
DA:2861,6
DA:2863,34
DA:2864,0
DA:2865,0
DA:2866,14
DA:2867,7
DA:2868,6
DA:2869,4
DA:2871,6
DA:2873,256
DA:2874,4
DA:2875,2
DA:2876,176
DA:2877,88
DA:2878,20
DA:2879,18
DA:2881,20
DA:2883,58
DA:2884,0
DA:2885,0
DA:2886,34
DA:2887,17
DA:2888,7
DA:2889,5
DA:2891,7
DA:2893,432
DA:2894,2
DA:2895,1
DA:2896,338
DA:2897,169
DA:2898,24
DA:2899,22
DA:2901,24
DA:2903,92
DA:2904,18
DA:2905,9
DA:2906,44
DA:2907,22
DA:2908,8
DA:2909,7
DA:2911,8
DA:2913,426
DA:2914,20
DA:2915,10
DA:2916,286
DA:2917,143
DA:2918,31
DA:2919,29
DA:2921,31
DA:2923,108
DA:2924,0
DA:2925,0
DA:2926,88
DA:2927,44
DA:2928,6
DA:2929,4
DA:2931,6
DA:2933,332
DA:2934,8
DA:2935,4
DA:2936,232
DA:2937,116
DA:2938,24
DA:2939,22
DA:2941,24
DA:2943,46
DA:2944,0
DA:2945,0
DA:2946,22
DA:2947,11
DA:2948,7
DA:2949,5
DA:2951,7
DA:2953,366
DA:2954,8
DA:2955,4
DA:2956,266
DA:2957,133
DA:2958,24
DA:2959,22
DA:2961,24
DA:2963,18
DA:2964,0
DA:2965,0
DA:2966,4
DA:2967,2
DA:2968,4
DA:2969,3
DA:2971,4
DA:2973,290
DA:2974,12
DA:2975,6
DA:2976,206
DA:2977,103
DA:2978,19
DA:2979,17
DA:2981,19
DA:2983,20
DA:2984,0
DA:2985,0
DA:2986,0
DA:2987,0
DA:2988,6
DA:2989,4
DA:2991,6
DA:2993,272
DA:2994,6
DA:2995,3
DA:2996,190
DA:2997,95
DA:2998,20
DA:2999,18
DA:3001,20
DA:3003,18
DA:3004,0
DA:3005,0
DA:3006,10
DA:3007,5
DA:3008,2
DA:3009,1
DA:3011,3
DA:3013,304
DA:3014,8
DA:3015,4
DA:3016,168
DA:3017,84
DA:3018,33
DA:3019,31
DA:3021,33
DA:3023,54
DA:3024,0
DA:3025,0
DA:3026,24
DA:3027,12
DA:3028,8
DA:3029,7
DA:3031,8
DA:3033,326
DA:3034,20
DA:3035,10
DA:3036,226
DA:3037,113
DA:3038,21
DA:3039,19
DA:3041,21
DA:3043,26
DA:3044,0
DA:3045,0
DA:3046,6
DA:3047,3
DA:3048,6
DA:3049,4
DA:3051,6
DA:3053,328
DA:3054,36
DA:3055,18
DA:3056,208
DA:3057,104
DA:3058,22
DA:3059,20
DA:3061,22
DA:3063,58
DA:3064,0
DA:3065,0
DA:3066,26
DA:3067,13
DA:3068,8
DA:3069,8
DA:3071,8
DA:3073,344
DA:3074,16
DA:3075,8
DA:3076,208
DA:3077,104
DA:3078,31
DA:3079,29
DA:3081,31
DA:3083,50
DA:3084,0
DA:3085,0
DA:3086,30
DA:3087,15
DA:3088,6
DA:3089,4
DA:3091,6
DA:3093,462
DA:3094,148
DA:3095,74
DA:3096,222
DA:3097,111
DA:3098,24
DA:3099,22
DA:3101,24
DA:3103,18
DA:3104,0
DA:3105,0
DA:3106,14
DA:3107,7
DA:3108,0
DA:3109,0
DA:3111,2
DA:3113,380
DA:3114,14
DA:3115,7
DA:3116,274
DA:3117,137
DA:3118,24
DA:3119,22
DA:3121,24
DA:3123,42
DA:3124,0
DA:3125,0
DA:3126,18
DA:3127,9
DA:3128,7
DA:3129,5
DA:3131,7
DA:3133,354
DA:3134,6
DA:3135,3
DA:3136,232
DA:3137,116
DA:3138,30
DA:3139,28
DA:3141,30
DA:3143,48
DA:3144,22
DA:3145,11
DA:3146,10
DA:3147,5
DA:3148,5
DA:3149,3
DA:3151,5
DA:3153,298
DA:3154,0
DA:3155,0
DA:3156,260
DA:3157,130
DA:3158,10
DA:3159,9
DA:3161,10
DA:3163,32
DA:3164,0
DA:3165,0
DA:3166,20
DA:3167,10
DA:3168,4
DA:3169,2
DA:3171,4
DA:3173,258
DA:3174,4
DA:3175,2
DA:3176,198
DA:3177,99
DA:3178,15
DA:3179,13
DA:3181,15
DA:3183,46
DA:3184,0
DA:3185,0
DA:3186,34
DA:3187,17
DA:3188,4
DA:3189,2
DA:3191,4
DA:3193,476
DA:3194,32
DA:3195,16
DA:3196,324
DA:3197,162
DA:3198,31
DA:3199,29
DA:3201,31
DA:3203,174
DA:3204,0
DA:3205,0
DA:3206,146
DA:3207,73
DA:3208,8
DA:3209,6
DA:3211,8
DA:3213,14
DA:3214,19954
DA:3215,9977
DA:3216,9977
DA:3217,9977
DA:3218,9977
DA:3219,9977
DA:3220,9977
DA:3221,9977
DA:3222,9977
DA:3223,9977
DA:3224,9977
DA:3225,9977
DA:3226,9977
DA:3227,9977
DA:3228,9977
DA:3229,9977
DA:3230,9977
DA:3231,9977
DA:3232,9977
DA:3233,9977
DA:3234,9977
DA:3235,9977
DA:3236,9977
DA:3237,9977
DA:3238,9977
DA:3239,9977
DA:3240,9977
DA:3241,9977
DA:3242,9977
DA:3243,9977
DA:3244,9977
DA:3245,9977
DA:3246,9977
DA:3247,9977
DA:3248,9977
DA:3249,9977
DA:3250,9977
DA:3251,9977
DA:3252,9977
DA:3253,9977
DA:3254,9977
DA:3255,9977
DA:3256,9977
DA:3257,9977
DA:3258,9977
DA:3259,9977
DA:3260,9977
DA:3261,9977
DA:3262,9977
DA:3263,9977
DA:3264,9977
DA:3265,9977
DA:3266,9977
DA:3267,9977
DA:3268,9977
DA:3269,9977
DA:3270,9977
DA:3271,9977
DA:3272,9977
DA:3273,9977
DA:3274,9977
DA:3275,9977
DA:3276,9977
DA:3277,9977
DA:3278,9977
DA:3279,9977
DA:3280,9977
DA:3281,9977
DA:3282,9977
DA:3283,9977
DA:3284,9977
DA:3285,9977
DA:3286,9977
DA:3287,9977
DA:3288,9977
DA:3289,9977
DA:3290,9977
DA:3291,9977
DA:3292,9977
DA:3293,9977
DA:3294,9977
DA:3295,9977
DA:3296,9977
DA:3297,9977
DA:3298,9977
DA:3299,9977
DA:3300,9977
DA:3301,9977
DA:3302,9977
DA:3303,9977
DA:3304,9977
DA:3305,9977
DA:3306,9977
DA:3307,0
DA:3308,0
DA:3309,0
DA:3318,2
DA:3426,0
DA:3427,0
DA:3428,0
DA:3429,0
DA:3430,0
DA:3431,0
DA:3432,0
DA:3433,0
DA:3434,0
DA:3435,0
DA:3436,0
DA:3437,0
DA:3438,0
DA:3439,0
DA:3440,0
DA:3441,0
DA:3442,0
DA:3443,0
DA:3444,0
DA:3445,0
DA:3446,0
DA:3447,0
DA:3448,0
DA:3449,0
DA:3450,0
DA:3451,0
DA:3452,0
DA:3453,0
DA:3454,0
DA:3455,0
DA:3456,0
DA:3457,0
DA:3458,0
DA:3459,0
DA:3460,0
DA:3461,0
DA:3462,0
DA:3463,0
DA:3464,0
DA:3465,0
DA:3466,0
DA:3467,0
DA:3468,0
DA:3469,0
DA:3470,0
DA:3471,0
DA:3472,0
DA:3473,0
DA:3474,0
DA:3475,0
DA:3476,0
DA:3477,0
DA:3478,0
DA:3479,0
DA:3480,0
DA:3481,0
DA:3482,0
DA:3483,0
DA:3484,0
DA:3485,0
DA:3486,0
DA:3487,0
DA:3488,0
DA:3489,0
DA:3490,0
DA:3491,0
end_of_record
SF:/home/kurumi/env-xs-ov-00-bpu/out/picker_out_uFTB/FauFTB_top.sv
DA:3,20002
DA:4,3
DA:5,41
DA:6,36070
DA:7,36066
DA:8,36074
DA:9,36071
DA:10,36173
DA:11,36159
DA:12,36086
DA:13,36167
DA:14,2428
DA:15,1884
DA:16,3662
DA:17,2014
DA:18,36668
DA:19,18387
DA:20,11887
DA:21,4455
DA:22,33780
DA:23,1385
DA:24,1562
DA:25,2429
DA:26,1885
DA:27,3662
DA:28,2015
DA:29,36667
DA:30,18378
DA:31,11888
DA:32,4454
DA:33,33782
DA:34,1384
DA:35,1561
DA:36,2428
DA:37,1885
DA:38,3661
DA:39,2015
DA:40,36671
DA:41,18378
DA:42,11889
DA:43,4457
DA:44,33784
DA:45,1384
DA:46,1562
DA:47,2428
DA:48,1884
DA:49,3662
DA:50,2014
DA:51,36665
DA:52,18382
DA:53,11887
DA:54,4455
DA:55,33789
DA:56,92
DA:57,1385
DA:58,1562
DA:59,23555
DA:60,1
DA:61,3
DA:62,3
DA:63,1
DA:64,2
DA:65,1
DA:66,1
DA:67,3
DA:68,36081
DA:69,16367
DA:70,47155
DA:71,1
DA:72,3687
DA:73,5734
DA:74,21228
DA:75,4
DA:76,1724
DA:77,2417
DA:78,15014
DA:79,4290
DA:80,2518
DA:81,607
DA:82,3557
DA:83,701
DA:334,0
DA:336,0
DA:339,40004
DA:341,20002
DA:344,20002
DA:346,10001
DA:349,4
DA:351,2
DA:354,20002
DA:356,10001
DA:359,2
DA:361,1
DA:364,0
DA:366,0
DA:369,19798
DA:371,9899
DA:374,0
DA:376,0
DA:379,19798
DA:381,9899
DA:384,0
DA:386,0
DA:389,19798
DA:391,9899
DA:394,0
DA:396,0
DA:399,19798
DA:401,9899
DA:404,40006
DA:406,20003
DA:409,0
DA:411,0
DA:414,40006
DA:416,20003
DA:419,0
DA:421,0
DA:424,40006
DA:426,20003
DA:429,0
DA:431,0
DA:434,59966
DA:436,29983
DA:439,0
DA:441,0
DA:444,42134
DA:446,21067
DA:449,0
DA:451,0
DA:454,42134
DA:456,21067
DA:459,0
DA:461,0
DA:464,42134
DA:466,21067
DA:469,0
DA:471,0
DA:474,42134
DA:476,21067
DA:479,0
DA:481,0
DA:484,40006
DA:486,20003
DA:489,0
DA:491,0
DA:494,40006
DA:496,20003
DA:499,0
DA:501,0
DA:504,40006
DA:506,20003
DA:509,0
DA:511,0
DA:514,40006
DA:516,20003
DA:519,0
DA:521,0
DA:524,40006
DA:526,20003
DA:529,0
DA:531,0
DA:534,42134
DA:536,21067
DA:539,0
DA:541,0
DA:544,42134
DA:546,21067
DA:549,0
DA:551,0
DA:554,40006
DA:556,20003
DA:559,0
DA:561,0
DA:564,40006
DA:566,20003
DA:569,0
DA:571,0
DA:574,40006
DA:576,20003
DA:579,0
DA:581,0
DA:584,40006
DA:586,20003
DA:589,0
DA:591,0
DA:594,40006
DA:596,20003
DA:599,0
DA:601,0
DA:604,40006
DA:606,20003
DA:609,0
DA:611,0
DA:614,40006
DA:616,20003
DA:619,0
DA:621,0
DA:624,40006
DA:626,20003
DA:629,0
DA:631,0
DA:634,40006
DA:636,20003
DA:639,0
DA:641,0
DA:644,40006
DA:646,20003
DA:649,0
DA:651,0
DA:654,40006
DA:656,20003
DA:659,0
DA:661,0
DA:664,40006
DA:666,20003
DA:669,0
DA:671,0
DA:674,40006
DA:676,20003
DA:679,0
DA:681,0
DA:684,40006
DA:686,20003
DA:689,0
DA:691,0
DA:694,40006
DA:696,20003
DA:699,0
DA:701,0
DA:704,40006
DA:706,20003
DA:709,0
DA:711,0
DA:714,40006
DA:716,20003
DA:719,0
DA:721,0
DA:724,40006
DA:726,20003
DA:729,0
DA:731,0
DA:734,40006
DA:736,20003
DA:739,0
DA:741,0
DA:744,40006
DA:746,20003
DA:749,0
DA:751,0
DA:754,40006
DA:756,20003
DA:759,0
DA:761,0
DA:764,40006
DA:766,20003
DA:769,0
DA:771,0
DA:774,59966
DA:776,29983
DA:779,0
DA:781,0
DA:784,59966
DA:786,29983
DA:789,0
DA:791,0
DA:794,59966
DA:796,29983
DA:799,0
DA:801,0
DA:804,59966
DA:806,29983
DA:809,0
DA:811,0
DA:814,59966
DA:816,29983
DA:819,0
DA:821,0
DA:824,59966
DA:826,29983
DA:829,0
DA:831,0
DA:834,59966
DA:836,29983
DA:839,0
DA:841,0
DA:844,59966
DA:846,29983
DA:849,0
DA:851,0
DA:854,59966
DA:856,29983
DA:859,0
DA:861,0
DA:864,62094
DA:866,31047
DA:869,0
DA:871,0
DA:874,59966
DA:876,29983
DA:879,0
DA:881,0
DA:884,59966
DA:886,29983
DA:889,0
DA:891,0
DA:894,59966
DA:896,29983
DA:899,0
DA:901,0
DA:904,20002
DA:906,10001
DA:909,2
DA:911,1
DA:914,46
DA:916,23
DA:919,4
DA:921,2
DA:924,0
DA:926,0
DA:929,4
DA:931,2
DA:934,0
DA:936,0
DA:939,4
DA:941,2
DA:944,0
DA:946,0
DA:949,4
DA:951,2
DA:954,46
DA:956,23
DA:959,17588
DA:961,8794
DA:964,46
DA:966,23
DA:969,23084
DA:971,11542
DA:974,20002
DA:976,10001
DA:979,4
DA:981,2
DA:984,20002
DA:986,10001
DA:989,19798
DA:991,9899
DA:994,20002
DA:996,10001
DA:999,16122
DA:1001,8061
DA:1004,20002
DA:1006,10001
DA:1009,18310
DA:1011,9155
DA:1014,20002
DA:1016,10001
DA:1019,2
DA:1021,1
DA:1024,20002
DA:1026,10001
DA:1029,7374
DA:1031,3687
DA:1034,20002
DA:1036,10001
DA:1039,5706
DA:1041,2853
DA:1044,20002
DA:1046,10001
DA:1049,6780
DA:1051,3390
DA:1054,20002
DA:1056,10001
DA:1059,2
DA:1061,1
DA:1064,20002
DA:1066,10001
DA:1069,3446
DA:1071,1723
DA:1074,20002
DA:1076,10001
DA:1079,4834
DA:1081,2417
DA:1084,20002
DA:1086,10001
DA:1089,13646
DA:1091,6823
DA:1094,20002
DA:1096,10001
DA:1099,8580
DA:1101,4290
DA:1104,20002
DA:1106,10001
DA:1109,5034
DA:1111,2517
DA:1114,20002
DA:1116,10001
DA:1119,1214
DA:1121,607
DA:1124,20002
DA:1126,10001
DA:1129,7114
DA:1131,3557
DA:1134,20002
DA:1136,10001
DA:1139,1402
DA:1141,701
DA:1146,2
DA:1147,1
DA:1148,1
end_of_record
